# JRE version: OpenJDK Runtime Environment (8.0_121-b13) (build 1.8.0_121-8u121-b13-0ubuntu1.16.04.2-b13)
# Java VM: OpenJDK 64-Bit Server VM (25.121-b13 mixed mode linux-amd64 compressed oops)
Heap:
 PSYoungGen      total 253952K, used 5120K [0x00000000d7580000, 0x00000000e7380000, 0x0000000100000000)
  eden space 248832K, 0% used [0x00000000d7580000,0x00000000d7580000,0x00000000e6880000)
  from space 5120K, 100% used [0x00000000e6880000,0x00000000e6d80000,0x00000000e6d80000)
  to   space 4096K, 0% used [0x00000000e6d80000,0x00000000e6d80000,0x00000000e7180000)
 ParOldGen       total 83456K, used 1749K [0x0000000086000000, 0x000000008b180000, 0x00000000d7580000)
  object space 83456K, 2% used [0x0000000086000000,0x00000000861b56c8,0x000000008b180000)
 Metaspace       used 6343K, capacity 7640K, committed 7808K, reserved 1056768K
  class space    used 937K, capacity 1032K, committed 1152K, reserved 1048576K
GC Heap History (10 events):
Event: 1,352 GC heap after
Heap after GC invocations=2 (full 0):
 PSYoungGen      total 67584K, used 1392K [0x00000000d7580000, 0x00000000dbc80000, 0x0000000100000000)
  eden space 62464K, 0% used [0x00000000d7580000,0x00000000d7580000,0x00000000db280000)
  from space 5120K, 27% used [0x00000000db780000,0x00000000db8dc030,0x00000000dbc80000)
  to   space 5120K, 0% used [0x00000000db280000,0x00000000db280000,0x00000000db780000)
 ParOldGen       total 83456K, used 8K [0x0000000086000000, 0x000000008b180000, 0x00000000d7580000)
  object space 83456K, 0% used [0x0000000086000000,0x0000000086002000,0x000000008b180000)
 Metaspace       used 6290K, capacity 7608K, committed 7680K, reserved 1056768K
  class space    used 920K, capacity 1000K, committed 1024K, reserved 1048576K
}
Event: 1,539 GC heap before
{Heap before GC invocations=3 (full 0):
 PSYoungGen      total 67584K, used 63856K [0x00000000d7580000, 0x00000000dbc80000, 0x0000000100000000)
  eden space 62464K, 100% used [0x00000000d7580000,0x00000000db280000,0x00000000db280000)
  from space 5120K, 27% used [0x00000000db780000,0x00000000db8dc030,0x00000000dbc80000)
  to   space 5120K, 0% used [0x00000000db280000,0x00000000db280000,0x00000000db780000)
 ParOldGen       total 83456K, used 8K [0x0000000086000000, 0x000000008b180000, 0x00000000d7580000)
  object space 83456K, 0% used [0x0000000086000000,0x0000000086002000,0x000000008b180000)
 Metaspace       used 6298K, capacity 7608K, committed 7680K, reserved 1056768K
  class space    used 921K, capacity 1000K, committed 1024K, reserved 1048576K
Event: 1,556 GC heap after
Heap after GC invocations=3 (full 0):
 PSYoungGen      total 67584K, used 1840K [0x00000000d7580000, 0x00000000df980000, 0x0000000100000000)
  eden space 62464K, 0% used [0x00000000d7580000,0x00000000d7580000,0x00000000db280000)
  from space 5120K, 35% used [0x00000000db280000,0x00000000db44c030,0x00000000db780000)
  to   space 5120K, 0% used [0x00000000df480000,0x00000000df480000,0x00000000df980000)
 ParOldGen       total 83456K, used 16K [0x0000000086000000, 0x000000008b180000, 0x00000000d7580000)
  object space 83456K, 0% used [0x0000000086000000,0x0000000086004000,0x000000008b180000)
 Metaspace       used 6298K, capacity 7608K, committed 7680K, reserved 1056768K
  class space    used 921K, capacity 1000K, committed 1024K, reserved 1048576K
}
Event: 1,642 GC heap before
{Heap before GC invocations=4 (full 0):
 PSYoungGen      total 67584K, used 64304K [0x00000000d7580000, 0x00000000df980000, 0x0000000100000000)
  eden space 62464K, 100% used [0x00000000d7580000,0x00000000db280000,0x00000000db280000)
  from space 5120K, 35% used [0x00000000db280000,0x00000000db44c030,0x00000000db780000)
  to   space 5120K, 0% used [0x00000000df480000,0x00000000df480000,0x00000000df980000)
 ParOldGen       total 83456K, used 16K [0x0000000086000000, 0x000000008b180000, 0x00000000d7580000)
  object space 83456K, 0% used [0x0000000086000000,0x0000000086004000,0x000000008b180000)
 Metaspace       used 6301K, capacity 7608K, committed 7680K, reserved 1056768K
  class space    used 921K, capacity 1000K, committed 1024K, reserved 1048576K
Event: 1,671 GC heap after
Heap after GC invocations=4 (full 0):
 PSYoungGen      total 130048K, used 2400K [0x00000000d7580000, 0x00000000df980000, 0x0000000100000000)
  eden space 124928K, 0% used [0x00000000d7580000,0x00000000d7580000,0x00000000def80000)
  from space 5120K, 46% used [0x00000000df480000,0x00000000df6d8020,0x00000000df980000)
  to   space 5120K, 0% used [0x00000000def80000,0x00000000def80000,0x00000000df480000)
 ParOldGen       total 83456K, used 24K [0x0000000086000000, 0x000000008b180000, 0x00000000d7580000)
  object space 83456K, 0% used [0x0000000086000000,0x0000000086006000,0x000000008b180000)
 Metaspace       used 6301K, capacity 7608K, committed 7680K, reserved 1056768K
  class space    used 921K, capacity 1000K, committed 1024K, reserved 1048576K
}
Event: 1,985 GC heap before
{Heap before GC invocations=5 (full 0):
 PSYoungGen      total 130048K, used 127328K [0x00000000d7580000, 0x00000000df980000, 0x0000000100000000)
  eden space 124928K, 100% used [0x00000000d7580000,0x00000000def80000,0x00000000def80000)
  from space 5120K, 46% used [0x00000000df480000,0x00000000df6d8020,0x00000000df980000)
  to   space 5120K, 0% used [0x00000000def80000,0x00000000def80000,0x00000000df480000)
 ParOldGen       total 83456K, used 24K [0x0000000086000000, 0x000000008b180000, 0x00000000d7580000)
  object space 83456K, 0% used [0x0000000086000000,0x0000000086006000,0x000000008b180000)
 Metaspace       used 6301K, capacity 7608K, committed 7680K, reserved 1056768K
  class space    used 921K, capacity 1000K, committed 1024K, reserved 1048576K
Event: 2,000 GC heap after
Heap after GC invocations=5 (full 0):
 PSYoungGen      total 130048K, used 3504K [0x00000000d7580000, 0x00000000e7180000, 0x0000000100000000)
  eden space 124928K, 0% used [0x00000000d7580000,0x00000000d7580000,0x00000000def80000)
  from space 5120K, 68% used [0x00000000def80000,0x00000000df2ec010,0x00000000df480000)
  to   space 4096K, 0% used [0x00000000e6d80000,0x00000000e6d80000,0x00000000e7180000)
 ParOldGen       total 83456K, used 32K [0x0000000086000000, 0x000000008b180000, 0x00000000d7580000)
  object space 83456K, 0% used [0x0000000086000000,0x0000000086008000,0x000000008b180000)
 Metaspace       used 6301K, capacity 7608K, committed 7680K, reserved 1056768K
  class space    used 921K, capacity 1000K, committed 1024K, reserved 1048576K
}
Event: 2,270 GC heap before
{Heap before GC invocations=6 (full 0):
 PSYoungGen      total 130048K, used 128432K [0x00000000d7580000, 0x00000000e7180000, 0x0000000100000000)
  eden space 124928K, 100% used [0x00000000d7580000,0x00000000def80000,0x00000000def80000)
  from space 5120K, 68% used [0x00000000def80000,0x00000000df2ec010,0x00000000df480000)
  to   space 4096K, 0% used [0x00000000e6d80000,0x00000000e6d80000,0x00000000e7180000)
 ParOldGen       total 83456K, used 32K [0x0000000086000000, 0x000000008b180000, 0x00000000d7580000)
  object space 83456K, 0% used [0x0000000086000000,0x0000000086008000,0x000000008b180000)
 Metaspace       used 6301K, capacity 7608K, committed 7680K, reserved 1056768K
  class space    used 921K, capacity 1000K, committed 1024K, reserved 1048576K
Event: 2,306 GC heap after
Heap after GC invocations=6 (full 0):
 PSYoungGen      total 252928K, used 4064K [0x00000000d7580000, 0x00000000e7380000, 0x0000000100000000)
  eden space 248832K, 0% used [0x00000000d7580000,0x00000000d7580000,0x00000000e6880000)
  from space 4096K, 99% used [0x00000000e6d80000,0x00000000e7178020,0x00000000e7180000)
  to   space 5120K, 0% used [0x00000000e6880000,0x00000000e6880000,0x00000000e6d80000)
 ParOldGen       total 83456K, used 588K [0x0000000086000000, 0x000000008b180000, 0x00000000d7580000)
  object space 83456K, 0% used [0x0000000086000000,0x0000000086093230,0x000000008b180000)
 Metaspace       used 6301K, capacity 7608K, committed 7680K, reserved 1056768K
  class space    used 921K, capacity 1000K, committed 1024K, reserved 1048576K
}
Event: 3,188 GC heap before
{Heap before GC invocations=7 (full 0):
 PSYoungGen      total 252928K, used 252896K [0x00000000d7580000, 0x00000000e7380000, 0x0000000100000000)
  eden space 248832K, 100% used [0x00000000d7580000,0x00000000e6880000,0x00000000e6880000)
  from space 4096K, 99% used [0x00000000e6d80000,0x00000000e7178020,0x00000000e7180000)
  to   space 5120K, 0% used [0x00000000e6880000,0x00000000e6880000,0x00000000e6d80000)
 ParOldGen       total 83456K, used 588K [0x0000000086000000, 0x000000008b180000, 0x00000000d7580000)
  object space 83456K, 0% used [0x0000000086000000,0x0000000086093230,0x000000008b180000)
 Metaspace       used 6343K, capacity 7640K, committed 7808K, reserved 1056768K
  class space    used 937K, capacity 1032K, committed 1152K, reserved 1048576K

